[2025-02-20T20:15:46.389+0000] {taskinstance.py:1083} INFO - Dependencies all met for <TaskInstance: listenbrainz_pipeline_duckdb.create_schema manual__2025-02-20T20:10:43.516183+00:00 [queued]>
[2025-02-20T20:15:46.397+0000] {taskinstance.py:1083} INFO - Dependencies all met for <TaskInstance: listenbrainz_pipeline_duckdb.create_schema manual__2025-02-20T20:10:43.516183+00:00 [queued]>
[2025-02-20T20:15:46.397+0000] {taskinstance.py:1279} INFO - 
--------------------------------------------------------------------------------
[2025-02-20T20:15:46.397+0000] {taskinstance.py:1280} INFO - Starting attempt 2 of 2
[2025-02-20T20:15:46.397+0000] {taskinstance.py:1281} INFO - 
--------------------------------------------------------------------------------
[2025-02-20T20:15:46.412+0000] {taskinstance.py:1300} INFO - Executing <Task(PythonOperator): create_schema> on 2025-02-20 20:10:43.516183+00:00
[2025-02-20T20:15:46.418+0000] {standard_task_runner.py:55} INFO - Started process 349 to run task
[2025-02-20T20:15:46.419+0000] {standard_task_runner.py:82} INFO - Running: ['***', 'tasks', 'run', 'listenbrainz_pipeline_duckdb', 'create_schema', 'manual__2025-02-20T20:10:43.516183+00:00', '--job-id', '5', '--raw', '--subdir', 'DAGS_FOLDER/listenbrainz_dag.py', '--cfg-path', '/tmp/tmphhjev629']
[2025-02-20T20:15:46.421+0000] {standard_task_runner.py:83} INFO - Job 5: Subtask create_schema
[2025-02-20T20:15:46.484+0000] {task_command.py:388} INFO - Running <TaskInstance: listenbrainz_pipeline_duckdb.create_schema manual__2025-02-20T20:10:43.516183+00:00 [running]> on host 0dc9ef47d00f
[2025-02-20T20:15:46.556+0000] {taskinstance.py:1509} INFO - Exporting the following env vars:
AIRFLOW_CTX_DAG_OWNER=***
AIRFLOW_CTX_DAG_ID=listenbrainz_pipeline_duckdb
AIRFLOW_CTX_TASK_ID=create_schema
AIRFLOW_CTX_EXECUTION_DATE=2025-02-20T20:10:43.516183+00:00
AIRFLOW_CTX_TRY_NUMBER=2
AIRFLOW_CTX_DAG_RUN_ID=manual__2025-02-20T20:10:43.516183+00:00
[2025-02-20T20:15:46.749+0000] {taskinstance.py:1768} ERROR - Task failed with exception
Traceback (most recent call last):
  File "/home/airflow/.local/lib/python3.7/site-packages/sqlalchemy/engine/base.py", line 1699, in _execute_20
    meth = statement._execute_on_connection
AttributeError: 'str' object has no attribute '_execute_on_connection'

The above exception was the direct cause of the following exception:

Traceback (most recent call last):
  File "/home/airflow/.local/lib/python3.7/site-packages/airflow/operators/python.py", line 175, in execute
    return_value = self.execute_callable()
  File "/home/airflow/.local/lib/python3.7/site-packages/airflow/operators/python.py", line 192, in execute_callable
    return self.python_callable(*self.op_args, **self.op_kwargs)
  File "/opt/airflow/dags/listenbrainz_dag.py", line 42, in create_schema
    conn.execute(schema_sql)
  File "/home/airflow/.local/lib/python3.7/site-packages/sqlalchemy/future/engine.py", line 281, in execute
    statement, parameters, execution_options or NO_OPTIONS
  File "/home/airflow/.local/lib/python3.7/site-packages/sqlalchemy/engine/base.py", line 1702, in _execute_20
    exc.ObjectNotExecutableError(statement), replace_context=err
  File "/home/airflow/.local/lib/python3.7/site-packages/sqlalchemy/util/compat.py", line 211, in raise_
    raise exception
sqlalchemy.exc.ObjectNotExecutableError: Not an executable object: '-- sql/create_schema.sql\n\n-- Drop or create staging tables (if needed).\n-- For final usage, you might keep just "IF NOT EXISTS" or separate "DROP" scripts.\n\nCREATE TABLE IF NOT EXISTS stg_listens (\n    user_id      TEXT,\n    track_id     TEXT,\n    track_name   TEXT,\n    artist_name  TEXT,\n    listened_at  TIMESTAMP\n);\n\nCREATE TABLE IF NOT EXISTS stg_listens_dedup (\n    user_id      TEXT,\n    track_id     TEXT,\n    track_name   TEXT,\n    artist_name  TEXT,\n    listened_at  TIMESTAMP\n);\n\n-- Dimension tables\nCREATE TABLE IF NOT EXISTS dim_user (\n    user_sk      BIGINT,  -- We\'ll fill with a row_number approach\n    user_id      TEXT NOT NULL,\n    created_at   TIMESTAMP DEFAULT CURRENT_TIMESTAMP,\n    PRIMARY KEY (user_sk)\n);\n\nCREATE TABLE IF NOT EXISTS dim_track (\n    track_sk     BIGINT,\n    track_id     TEXT NOT NULL,\n    track_name   TEXT,\n    artist_name  TEXT,\n    created_at   TIMESTAMP DEFAULT CURRENT_TIMESTAMP,\n    PRIMARY KEY (track_sk)\n);\n\n-- Fact table\nCREATE TABLE IF NOT EXISTS fact_listen (\n    listen_sk       BIGINT,\n    user_sk         BIGINT NOT NULL,\n    track_sk        BIGINT NOT NULL,\n    listened_at     TIMESTAMP NOT NULL,\n    ingestion_ts    TIMESTAMP DEFAULT CURRENT_TIMESTAMP,\n    PRIMARY KEY (listen_sk)\n);\n'
[2025-02-20T20:15:46.759+0000] {taskinstance.py:1323} INFO - Marking task as FAILED. dag_id=listenbrainz_pipeline_duckdb, task_id=create_schema, execution_date=20250220T201043, start_date=20250220T201546, end_date=20250220T201546
[2025-02-20T20:15:46.776+0000] {standard_task_runner.py:105} ERROR - Failed to execute job 5 for task create_schema (Not an executable object: '-- sql/create_schema.sql\n\n-- Drop or create staging tables (if needed).\n-- For final usage, you might keep just "IF NOT EXISTS" or separate "DROP" scripts.\n\nCREATE TABLE IF NOT EXISTS stg_listens (\n    user_id      TEXT,\n    track_id     TEXT,\n    track_name   TEXT,\n    artist_name  TEXT,\n    listened_at  TIMESTAMP\n);\n\nCREATE TABLE IF NOT EXISTS stg_listens_dedup (\n    user_id      TEXT,\n    track_id     TEXT,\n    track_name   TEXT,\n    artist_name  TEXT,\n    listened_at  TIMESTAMP\n);\n\n-- Dimension tables\nCREATE TABLE IF NOT EXISTS dim_user (\n    user_sk      BIGINT,  -- We\'ll fill with a row_number approach\n    user_id      TEXT NOT NULL,\n    created_at   TIMESTAMP DEFAULT CURRENT_TIMESTAMP,\n    PRIMARY KEY (user_sk)\n);\n\nCREATE TABLE IF NOT EXISTS dim_track (\n    track_sk     BIGINT,\n    track_id     TEXT NOT NULL,\n    track_name   TEXT,\n    artist_name  TEXT,\n    created_at   TIMESTAMP DEFAULT CURRENT_TIMESTAMP,\n    PRIMARY KEY (track_sk)\n);\n\n-- Fact table\nCREATE TABLE IF NOT EXISTS fact_listen (\n    listen_sk       BIGINT,\n    user_sk         BIGINT NOT NULL,\n    track_sk        BIGINT NOT NULL,\n    listened_at     TIMESTAMP NOT NULL,\n    ingestion_ts    TIMESTAMP DEFAULT CURRENT_TIMESTAMP,\n    PRIMARY KEY (listen_sk)\n);\n'; 349)
[2025-02-20T20:15:46.792+0000] {local_task_job.py:208} INFO - Task exited with return code 1
[2025-02-20T20:15:46.818+0000] {taskinstance.py:2578} INFO - 0 downstream tasks scheduled from follow-on schedule check
